Backup operation will not store instance data from the hierarchical blocks. It's recommended to use Archiver to include instance data.<!#!><severity>2</severity>
<p>Backup 2016-07-05 15:33:01 of schematic Schematic1.Title created successfully. <a href="handler:BackupCommenter(_savepoint[SCH][288230380446679042][4971973992911994882][17:55:30_7-4-16][1467725581];1467725581)" onClick="window.external.OnLinkClick(this);"><b>Click here to enter a comment.</b></a></p><!#!><raw_html>RAW_HTML</raw_html><scroll>SCROLL_END</scroll>
ICDB server [info]: Starting [Autosave] backup process
ICDB server [info]: [AutoSave] backup of size [301.2 kB] created successfully in location [\\zelnts\msh\Mentor\MSH\Georg\Piezzo\ProjectBackup\backups\2016-07-05 15.32.59 - auto.zip]
Backup operation will not store instance data from the hierarchical blocks. It's recommended to use Archiver to include instance data.<!#!><severity>2</severity>
<p>Backup 2016-07-05 15:33:26 of schematic Schematic1.Controler created successfully. <a href="handler:BackupCommenter(_savepoint[SCH][288230380446679042][4971974001501929474][7:16:59_7-5-16][1467725606];1467725606)" onClick="window.external.OnLinkClick(this);"><b>Click here to enter a comment.</b></a></p><!#!><raw_html>RAW_HTML</raw_html><scroll>SCROLL_END</scroll>
Backup operation will not store instance data from the hierarchical blocks. It's recommended to use Archiver to include instance data.<!#!><severity>2</severity>
<p>Backup 2016-07-06 08:47:13 of schematic Schematic1.Title created successfully. <a href="handler:BackupCommenter(_savepoint[SCH][288230380446679042][4971973992911994882][17:55:30_7-4-16][1467787633];1467787633)" onClick="window.external.OnLinkClick(this);"><b>Click here to enter a comment.</b></a></p><!#!><raw_html>RAW_HTML</raw_html><scroll>SCROLL_END</scroll>
Backup operation will not store instance data from the hierarchical blocks. It's recommended to use Archiver to include instance data.<!#!><severity>2</severity>
<p>Backup 2016-07-06 08:47:24 of schematic Schematic1.Controler created successfully. <a href="handler:BackupCommenter(_savepoint[SCH][288230380446679042][4971974001501929474][14:32:56_7-5-16][1467787644];1467787644)" onClick="window.external.OnLinkClick(this);"><b>Click here to enter a comment.</b></a></p><!#!><raw_html>RAW_HTML</raw_html><scroll>SCROLL_END</scroll>
Selected objects contain constraints that will not be copied
Selected objects contain constraints that will not be copied
ICDB server [info]: Starting [Autosave] backup process
ICDB server [info]: [AutoSave] backup of size [369.7 kB] created successfully in location [\\zelnts\msh\Mentor\MSH\Georg\Piezzo\ProjectBackup\backups\2016-07-06 08.57.20 - auto.zip]
Loading IPL... c:/mentorgraphics/eevx.1.1/sdd_home/standard/templates/dxdesigner/expedition/PartsListerDefaults.ipl
IPL load successful.
Saving IPL... N:\Mentor\MSH\Georg\Piezzo\PartsListerDefaults.ipl
IPL save successful.
Backup operation will not store instance data from the hierarchical blocks. It's recommended to use Archiver to include instance data.<!#!><severity>2</severity>
<p>Backup 2016-07-11 09:40:17 of schematic Schematic1.Title created successfully. <a href="handler:BackupCommenter(_savepoint[SCH][288230380446679042][4971973992911994882][17:55:30_7-4-16][1468222817];1468222817)" onClick="window.external.OnLinkClick(this);"><b>Click here to enter a comment.</b></a></p><!#!><raw_html>RAW_HTML</raw_html><scroll>SCROLL_END</scroll>
Backup operation will not store instance data from the hierarchical blocks. It's recommended to use Archiver to include instance data.<!#!><severity>2</severity>
<p>Backup 2016-07-11 09:40:24 of schematic Schematic1.Controler created successfully. <a href="handler:BackupCommenter(_savepoint[SCH][288230380446679042][4971974001501929474][7:03:50_7-6-16][1468222824];1468222824)" onClick="window.external.OnLinkClick(this);"><b>Click here to enter a comment.</b></a></p><!#!><raw_html>RAW_HTML</raw_html><scroll>SCROLL_END</scroll>
Backup operation will not store instance data from the hierarchical blocks. It's recommended to use Archiver to include instance data.<!#!><severity>2</severity>
<p>Backup 2016-07-11 15:42:46 of schematic Schematic1.Title created successfully. <a href="handler:BackupCommenter(_savepoint[SCH][288230380446679042][4971973992911994882][17:55:30_7-4-16][1468244566];1468244566)" onClick="window.external.OnLinkClick(this);"><b>Click here to enter a comment.</b></a></p><!#!><raw_html>RAW_HTML</raw_html><scroll>SCROLL_END</scroll>
Backup operation will not store instance data from the hierarchical blocks. It's recommended to use Archiver to include instance data.<!#!><severity>2</severity>
<p>Backup 2016-07-11 15:42:52 of schematic Schematic1.Controler created successfully. <a href="handler:BackupCommenter(_savepoint[SCH][288230380446679042][4971974001501929474][7:03:50_7-6-16][1468244572];1468244572)" onClick="window.external.OnLinkClick(this);"><b>Click here to enter a comment.</b></a></p><!#!><raw_html>RAW_HTML</raw_html><scroll>SCROLL_END</scroll>
ICDB server [info]: Starting [Autosave] backup process
ICDB server [info]: [AutoSave] backup of size [535.6 kB] created successfully in location [\\zelnts\msh\Mentor\MSH\Georg\Piezzo\ProjectBackup\backups\2016-07-11 15.44.20 - auto.zip]
Backup operation will not store instance data from the hierarchical blocks. It's recommended to use Archiver to include instance data.<!#!><severity>2</severity>
<p>Backup 2016-07-13 20:37:41 of schematic Schematic1.Title created successfully. <a href="handler:BackupCommenter(_savepoint[SCH][288230380446679042][4971973992911994882][17:55:30_7-4-16][1468435061];1468435061)" onClick="window.external.OnLinkClick(this);"><b>Click here to enter a comment.</b></a></p><!#!><raw_html>RAW_HTML</raw_html><scroll>SCROLL_END</scroll>
Backup operation will not store instance data from the hierarchical blocks. It's recommended to use Archiver to include instance data.<!#!><severity>2</severity>
<p>Backup 2016-07-13 20:37:50 of schematic Schematic1.Controler created successfully. <a href="handler:BackupCommenter(_savepoint[SCH][288230380446679042][4971974001501929474][14:14:00_7-11-16][1468435070];1468435070)" onClick="window.external.OnLinkClick(this);"><b>Click here to enter a comment.</b></a></p><!#!><raw_html>RAW_HTML</raw_html><scroll>SCROLL_END</scroll>
ICDB server [info]: Starting [Autosave] backup process
ICDB server [info]: [AutoSave] backup of size [597.0 kB] created successfully in location [\\zelnts\msh\Mentor\MSH\Georg\Piezzo\ProjectBackup\backups\2016-07-14 00.27.15 - auto.zip]
Backup operation will not store instance data from the hierarchical blocks. It's recommended to use Archiver to include instance data.<!#!><severity>2</severity>
<p>Backup 2016-07-14 12:33:55 of schematic Schematic1.Title created successfully. <a href="handler:BackupCommenter(_savepoint[SCH][288230380446679042][4971973992911994882][17:55:30_7-4-16][1468492435];1468492435)" onClick="window.external.OnLinkClick(this);"><b>Click here to enter a comment.</b></a></p><!#!><raw_html>RAW_HTML</raw_html><scroll>SCROLL_END</scroll>
Backup operation will not store instance data from the hierarchical blocks. It's recommended to use Archiver to include instance data.<!#!><severity>2</severity>
<p>Backup 2016-07-14 12:34:18 of schematic Schematic1.Controler created successfully. <a href="handler:BackupCommenter(_savepoint[SCH][288230380446679042][4971974001501929474][19:00:13_7-13-16][1468492458];1468492458)" onClick="window.external.OnLinkClick(this);"><b>Click here to enter a comment.</b></a></p><!#!><raw_html>RAW_HTML</raw_html><scroll>SCROLL_END</scroll>
ICDB server [info]: Starting [Autosave] backup process
ICDB server [info]: [AutoSave] backup of size [643.6 kB] created successfully in location [\\zelnts\msh\Mentor\MSH\Georg\Piezzo\ProjectBackup\backups\2016-07-14 12.42.37 - auto.zip]
Backup operation will not store instance data from the hierarchical blocks. It's recommended to use Archiver to include instance data.<!#!><severity>2</severity>
<p>Backup 2016-07-25 10:18:35 of schematic Schematic1.Title created successfully. <a href="handler:BackupCommenter(_savepoint[SCH][288230380446679042][4971973992911994882][17:55:30_7-4-16][1469434715];1469434715)" onClick="window.external.OnLinkClick(this);"><b>Click here to enter a comment.</b></a></p><!#!><raw_html>RAW_HTML</raw_html><scroll>SCROLL_END</scroll>
ICDB server [info]: Starting [Autosave] backup process
ICDB server [info]: [AutoSave] backup of size [709.1 kB] created successfully in location [\\zelnts\msh\Mentor\MSH\Georg\Piezzo\ProjectBackup\backups\2016-07-25 10.18.58 - auto.zip]
Backup operation will not store instance data from the hierarchical blocks. It's recommended to use Archiver to include instance data.<!#!><severity>2</severity>
<p>Backup 2016-07-25 10:19:39 of schematic Schematic1.Controler created successfully. <a href="handler:BackupCommenter(_savepoint[SCH][288230380446679042][4971974001501929474][11:30:40_7-14-16][1469434779];1469434779)" onClick="window.external.OnLinkClick(this);"><b>Click here to enter a comment.</b></a></p><!#!><raw_html>RAW_HTML</raw_html><scroll>SCROLL_END</scroll>
Loading IPL... c:/mentorgraphics/eevx.1.1/sdd_home/standard/templates/dxdesigner/expedition/PartsListerDefaults.ipl
IPL load successful.
Loading IPL... N:/Mentor/MSH/Georg/Piezzo/PartsListerDefaults.ipl
IPL load successful.
Backup operation will not store instance data from the hierarchical blocks. It's recommended to use Archiver to include instance data.<!#!><severity>2</severity>
<p>Backup 2016-08-08 15:30:49 of schematic Schematic1.Title created successfully. <a href="handler:BackupCommenter(_savepoint[SCH][288230380446679042][4971973992911994882][17:55:30_7-4-16][1470663049];1470663049)" onClick="window.external.OnLinkClick(this);"><b>Click here to enter a comment.</b></a></p><!#!><raw_html>RAW_HTML</raw_html><scroll>SCROLL_END</scroll>
Backup operation will not store instance data from the hierarchical blocks. It's recommended to use Archiver to include instance data.<!#!><severity>2</severity>
<p>Backup 2016-08-08 15:31:10 of schematic Schematic1.Controler created successfully. <a href="handler:BackupCommenter(_savepoint[SCH][288230380446679042][4971974001501929474][8:19:58_7-25-16][1470663070];1470663070)" onClick="window.external.OnLinkClick(this);"><b>Click here to enter a comment.</b></a></p><!#!><raw_html>RAW_HTML</raw_html><scroll>SCROLL_END</scroll>
ICDB server [info]: Starting [Autosave] backup process
ICDB server [info]: [AutoSave] backup of size [758.4 kB] created successfully in location [\\zelnts\msh\Mentor\MSH\Georg\KeCo Piezo\ProjectBackup\backups\2016-08-08 15.31.12 - auto.zip]
Selected objects contain constraints that will not be copied
Selected objects contain constraints that will not be copied
Selected objects contain constraints that will not be copied
ICDB server [info]: Starting [Autosave] backup process
ICDB server [info]: [AutoSave] backup of size [764.3 kB] created successfully in location [\\zelnts\msh\Mentor\MSH\Georg\KeCo Piezo\ProjectBackup\backups\2016-08-08 19.31.12 - auto.zip]
Backup operation will not store instance data from the hierarchical blocks. It's recommended to use Archiver to include instance data.<!#!><severity>2</severity>
<p>Backup 2016-08-09 09:43:27 of schematic Schematic1.Title created successfully. <a href="handler:BackupCommenter(_savepoint[SCH][288230380446679042][4971973992911994882][17:55:30_7-4-16][1470728607];1470728607)" onClick="window.external.OnLinkClick(this);"><b>Click here to enter a comment.</b></a></p><!#!><raw_html>RAW_HTML</raw_html><scroll>SCROLL_END</scroll>
Backup operation will not store instance data from the hierarchical blocks. It's recommended to use Archiver to include instance data.<!#!><severity>2</severity>
<p>Backup 2016-08-09 09:43:45 of schematic Schematic1.Controler created successfully. <a href="handler:BackupCommenter(_savepoint[SCH][288230380446679042][4971974001501929474][14:16:57_8-8-16][1470728625];1470728625)" onClick="window.external.OnLinkClick(this);"><b>Click here to enter a comment.</b></a></p><!#!><raw_html>RAW_HTML</raw_html><scroll>SCROLL_END</scroll>
ICDB server [info]: Starting [Autosave] backup process
ICDB server [info]: [AutoSave] backup of size [826.7 kB] created successfully in location [\\zelnts\msh\Mentor\MSH\Georg\KeCo Piezo\ProjectBackup\backups\2016-08-09 09.46.00 - auto.zip]
Backup operation will not store instance data from the hierarchical blocks. It's recommended to use Archiver to include instance data.<!#!><severity>2</severity>
<p>Backup 2016-08-09 12:46:13 of schematic Schematic1.Title created successfully. <a href="handler:BackupCommenter(_savepoint[SCH][288230380446679042][4971973992911994882][17:55:30_7-4-16][1470739573];1470739573)" onClick="window.external.OnLinkClick(this);"><b>Click here to enter a comment.</b></a></p><!#!><raw_html>RAW_HTML</raw_html><scroll>SCROLL_END</scroll>
Loading IPL... c:/mentorgraphics/eevx.1.1/sdd_home/standard/templates/dxdesigner/expedition/PartsListerDefaults.ipl
IPL load successful.
Loading IPL... N:/Mentor/MSH/Georg/KeCo Piezo/PartsListerDefaults.ipl
IPL load successful.
Backup operation will not store instance data from the hierarchical blocks. It's recommended to use Archiver to include instance data.<!#!><severity>2</severity>
<p>Backup 2016-08-09 12:51:12 of schematic Schematic1.Controler created successfully. <a href="handler:BackupCommenter(_savepoint[SCH][288230380446679042][4971974001501929474][10:16:08_8-9-16][1470739872];1470739872)" onClick="window.external.OnLinkClick(this);"><b>Click here to enter a comment.</b></a></p><!#!><raw_html>RAW_HTML</raw_html><scroll>SCROLL_END</scroll>
Loading IPL... c:/mentorgraphics/eevx.1.1/sdd_home/standard/templates/dxdesigner/expedition/PartsListerDefaults.ipl
IPL load successful.
Loading IPL... N:/Mentor/MSH/Georg/KeCo Piezo/PartsListerDefaults.ipl
IPL load successful.
ICDB server [info]: Starting [Autosave] backup process
ICDB server [info]: [AutoSave] backup of size [867.3 kB] created successfully in location [\\zelnts\msh\Mentor\MSH\Georg\KeCo Piezo\ProjectBackup\backups\2016-08-09 13.46.00 - auto.zip]
Backup operation will not store instance data from the hierarchical blocks. It's recommended to use Archiver to include instance data.<!#!><severity>2</severity>
<p>Backup 2016-08-17 08:36:27 of schematic Schematic1.Title created successfully. <a href="handler:BackupCommenter(_savepoint[SCH][288230380446679042][4971973992911994882][10:47:30_8-9-16][1471415787];1471415787)" onClick="window.external.OnLinkClick(this);"><b>Click here to enter a comment.</b></a></p><!#!><raw_html>RAW_HTML</raw_html><scroll>SCROLL_END</scroll>
ICDB server [info]: Starting [Autosave] backup process
ICDB server [info]: [AutoSave] backup of size [892.5 kB] created successfully in location [\\zelnts\msh\Mentor\MSH\Georg\KeCo Piezo\ProjectBackup\backups\2016-08-17 08.36.50 - auto.zip]
Backup operation will not store instance data from the hierarchical blocks. It's recommended to use Archiver to include instance data.<!#!><severity>2</severity>
<p>Backup 2016-12-02 14:22:45 of schematic Schematic1.Title created successfully. <a href="handler:BackupCommenter(_savepoint[SCH][288230380446679042][4971973992911994882][10:47:30_8-9-16][1480684965];1480684965)" onClick="window.external.OnLinkClick(this);"><b>Click here to enter a comment.</b></a></p><!#!><raw_html>RAW_HTML</raw_html><scroll>SCROLL_END</scroll>
Backup operation will not store instance data from the hierarchical blocks. It's recommended to use Archiver to include instance data.<!#!><severity>2</severity>
<p>Backup 2016-12-02 14:22:55 of schematic Schematic1.Controler created successfully. <a href="handler:BackupCommenter(_savepoint[SCH][288230380446679042][4971974001501929474][10:16:08_8-9-16][1480684975];1480684975)" onClick="window.external.OnLinkClick(this);"><b>Click here to enter a comment.</b></a></p><!#!><raw_html>RAW_HTML</raw_html><scroll>SCROLL_END</scroll>
ICDB server [info]: Starting [Autosave] backup process
ICDB server [info]: [AutoSave] backup of size [929.5 kB] created successfully in location [\\zelnts\msh\Mentor\MSH\Georg\KeCo Piezo\ProjectBackup\backups\2016-12-02 14.23.08 - auto.zip]
Selected objects contain constraints that will not be copied
Selected objects contain constraints that will not be copied
Backup operation will not store instance data from the hierarchical blocks. It's recommended to use Archiver to include instance data.<!#!><severity>2</severity>
<p>Backup 2017-02-07 13:26:15 of schematic Schematic1.Title created successfully. <a href="handler:BackupCommenter(_savepoint[SCH][288230380446679042][4971973992911994882][10:47:30_8-9-16][1486470375];1486470375)" onClick="window.external.OnLinkClick(this);"><b>Click here to enter a comment.</b></a></p><!#!><raw_html>RAW_HTML</raw_html><scroll>SCROLL_END</scroll>
Backup operation will not store instance data from the hierarchical blocks. It's recommended to use Archiver to include instance data.<!#!><severity>2</severity>
<p>Backup 2017-02-07 13:30:15 of schematic Schematic1.Title created successfully. <a href="handler:BackupCommenter(_savepoint[SCH][288230380446679042][4971973992911994882][10:47:30_8-9-16][1486470615];1486470615)" onClick="window.external.OnLinkClick(this);"><b>Click here to enter a comment.</b></a></p><!#!><raw_html>RAW_HTML</raw_html><scroll>SCROLL_END</scroll>
Backup operation will not store instance data from the hierarchical blocks. It's recommended to use Archiver to include instance data.<!#!><severity>2</severity>
<p>Backup 2017-02-07 13:30:19 of schematic Schematic1.Controler created successfully. <a href="handler:BackupCommenter(_savepoint[SCH][288230380446679042][4971974001501929474][13:24:16_12-2-16][1486470619];1486470619)" onClick="window.external.OnLinkClick(this);"><b>Click here to enter a comment.</b></a></p><!#!><raw_html>RAW_HTML</raw_html><scroll>SCROLL_END</scroll>
Selected objects contain constraints that will not be copied
Backup operation will not store instance data from the hierarchical blocks. It's recommended to use Archiver to include instance data.<!#!><severity>2</severity>
<p>Backup 2019-05-21 10:43:52 of schematic Schematic1.Title created successfully. <a href="handler:BackupCommenter(_savepoint[SCH][288230380446679042][4971973992911994882][10:47:30_8-9-16][1558428232];1558428232)" onClick="window.external.OnLinkClick(this);"><b>Click here to enter a comment.</b></a></p><!#!><raw_html>RAW_HTML</raw_html><scroll>SCROLL_END</scroll>
Backup operation will not store instance data from the hierarchical blocks. It's recommended to use Archiver to include instance data.<!#!><severity>2</severity>
<p>Backup 2019-05-21 10:43:59 of schematic Schematic1.Controler created successfully. <a href="handler:BackupCommenter(_savepoint[SCH][288230380446679042][4971974001501929474][13:24:16_12-2-16][1558428239];1558428239)" onClick="window.external.OnLinkClick(this);"><b>Click here to enter a comment.</b></a></p><!#!><raw_html>RAW_HTML</raw_html><scroll>SCROLL_END</scroll>
ICDB server [info]: Starting [Autosave] backup process
ICDB server [info]: [AutoSave] backup of size [1.1 MB] created successfully in location [\\tsclient\schardt\privat\projekte\Heizweste\pcb\ProjectBackup\backups\2019-05-21 10.44.06 - auto.zip]
Properties> This property is not defined in the Central Library Property Definition Editor. Please define the property before editing.
Properties> This property is not defined in the Central Library Property Definition Editor. Please define the property before editing.
