--------------------------------------------------------------------------------
 Project integration - START (2016-08-09 12:16:33) 
--------------------------------------------------------------------------------
FE snapshot name: DxD
BE snapshot name: Piezzo_layout_temp
Top level block: (2-1-5)
Parameters: BAConnectivity,BAConstraints,FEWin,
--------------------------------------------------------------------------------
--------------------------------------------------------------------------------
 Connection synchronization - START (2016-08-09 12:16:33) 
--------------------------------------------------------------------------------
[Ok][Modification] - [BE->FE] [P: Block,Schematic1,(2-1-5)] [O: FlatComp,ATTINY.1,(2-3-8)]
	Property: Cell Name, Operation: Change
[Ok][Modification] - [BE->FE] [P: Block,Schematic1,(2-1-5)] [O: FlatComp,res.2,(2-17-8)]
	Property: Cell Name, Operation: Change
[Ok][Modification] - [BE->FE] [P: Block,Schematic1,(2-1-5)] [O: FlatComp,Cap.1,(2-19-8)]
	Property: Cell Name, Operation: Change
[Ok][Modification] - [BE->FE] [P: Block,Schematic1,(2-1-5)] [O: FlatComp,trans1.1,(2-29-8)]
	Property: Cell Name, Operation: Change
[Ok][Modification] - [BE->FE] [P: Block,Schematic1,(2-1-5)] [O: FlatComp,trans1.1,(2-30-8)]
	Property: Cell Name, Operation: Change
[Ok][Modification] - [BE->FE] [P: Block,Schematic1,(2-1-5)] [O: FlatComp,trans3c.1,(12-30-8)]
	Property: Cell Name, Operation: Change
[Ok][Modification] - [BE->FE] [P: Block,Schematic1,(2-1-5)] [O: FlatComp,trans1.1,(2-31-8)]
	Property: Cell Name, Operation: Change
[Ok][Modification] - [BE->FE] [P: Block,Schematic1,(2-1-5)] [O: FlatComp,res.2,(12-32-8)]
	Property: Cell Name, Operation: Change
[Ok][Modification] - [BE->FE] [P: Block,Schematic1,(2-1-5)] [O: FlatComp,Cap.1,(21-37-8)]
	Property: Cell Name, Operation: Change
[Ok][Modification] - [BE->FE] [P: Block,Schematic1,(2-1-5)] [O: FlatComp,res.1,(12-38-8)]
	Property: Cell Name, Operation: Change
[Ok][Modification] - [BE->FE] [P: Block,Schematic1,(2-1-5)] [O: FlatComp,Cap.1,(21-38-8)]
	Property: Cell Name, Operation: Change
[Ok][Modification] - [BE->FE] [P: Block,Schematic1,(2-1-5)] [O: FlatComp,res.1,(12-39-8)]
	Property: Cell Name, Operation: Change
[Ok][Modification] - [BE->FE] [P: Block,Schematic1,(2-1-5)] [O: FlatComp,res.1,(12-40-8)]
	Property: Cell Name, Operation: Change
[Ok][Modification] - [BE->FE] [P: Block,Schematic1,(2-1-5)] [O: FlatComp,02pol.1,(69-43-8)]
	Property: Cell Name, Operation: Change
[Ok][Modification] - [BE->FE] [P: Block,Schematic1,(2-1-5)] [O: FlatComp,v-reg-linear.1,(89-43-8)]
	Property: Cell Name, Operation: Change
[Ok][Modification] - [BE->FE] [P: Block,Schematic1,(2-1-5)] [O: FlatComp,trans1.1,(144-43-8)]
	Property: Cell Name, Operation: Change
[Ok][Modification] - [BE->FE] [P: Block,Schematic1,(2-1-5)] [O: FlatComp,res.1,(144-44-8)]
	Property: Cell Name, Operation: Change
[Ok][Modification] - [BE->FE] [P: Block,Schematic1,(2-1-5)] [O: FlatComp,06pol.1,(21-45-8)]
	Property: Cell Name, Operation: Change
[Ok][Modification] - [BE->FE] [P: Block,Schematic1,(2-1-5)] [O: FlatComp,INA219.1,(144-47-8)]
	Property: Cell Name, Operation: Change
[Ok][Modification] - [BE->FE] [P: Block,Schematic1,(2-1-5)] [O: FlatComp,res.1,(144-49-8)]
	Property: Cell Name, Operation: Change
[Ok][Modification] - [BE->FE] [P: Block,Schematic1,(2-1-5)] [O: FlatComp,06pol.1,(178-50-8)]
	Property: Cell Name, Operation: Change
[Ok][Modification] - [BE->FE] [P: Block,Schematic1,(2-1-5)] [O: FlatComp,Cap.1,(144-51-8)]
	Property: Cell Name, Operation: Change
[Ok][Modification] - [BE->FE] [P: Block,Schematic1,(2-1-5)] [O: FlatComp,res.1,(144-52-8)]
	Property: Cell Name, Operation: Change
[Ok][Modification] - [BE->FE] [P: Block,Schematic1,(2-1-5)] [O: FlatComp,res.1,(144-53-8)]
	Property: Cell Name, Operation: Change
[Ok][Modification] - [BE->FE] [P: Block,Schematic1,(2-1-5)] [O: FlatComp,Testpoint.1,(144-61-8)]
	Property: Cell Name, Operation: Change
[Ok][Modification] - [BE->FE] [P: Block,Schematic1,(2-1-5)] [O: FlatComp,Testpoint.1,(144-62-8)]
	Property: Cell Name, Operation: Change
[Ok][Modification] - [BE->FE] [P: Block,Schematic1,(2-1-5)] [O: FlatComp,Testpoint.1,(144-63-8)]
	Property: Cell Name, Operation: Change
[Ok][Modification] - [BE->FE] [P: Block,Schematic1,(2-1-5)] [O: FlatComp,Testpoint.1,(144-64-8)]
	Property: Cell Name, Operation: Change
--------------------------------------------------------------------------------
 Connection synchronization - END (2016-08-09 12:16:33) 
--------------------------------------------------------------------------------
--------------------------------------------------------------------------------
 CES synchronization - START (2016-08-09 12:16:33) 
--------------------------------------------------------------------------------
[Ok][Addition] - [BE->FE] [P: CesDesign,CesDesign,(2-1-21)] [O: CesVia,026VIA-ZEL,(188-3-62)]
[Ok][Modification] - [BE->FE] [P: CesDesign,CesDesign,(2-1-21)] [O: CesViaSpan,Through,(3-1-27)]

--------------------------------------------------------------------------------
 TOPOLOGY synchronization - START (2016-08-09 12:16:33) 
--------------------------------------------------------------------------------
--------------------------------------------------------------------------------
 TOPOLOGY synchronization - END (2016-08-09 12:16:33) 
--------------------------------------------------------------------------------
[Ok][Modification] - [BE->FE] [P: CesViaAssign,Through,(3-1-39)] [O: CesConstraint,NET_CLASS_VIA,(3-150-22)]
[Ok][Addition] - [BE->FE] [P: CesSchemeNetClassRule,(Default),(2-1-38)] [O: CesConstraint,VIA_ASSIGN,(190-1-22)]
[Ok][Addition] - [BE->FE] [P: CesViaAssign,Through,(3-1-39)] [O: CesConstraint,MULTIPLE_VIA_VALUE,(190-2-22)]
--------------------------------------------------------------------------------
 CES synchronization - END (2016-08-09 12:16:33) 
--------------------------------------------------------------------------------
--------------------------------------------------------------------------------
 VMVariant synchronization - START (2016-08-09 12:16:33) 
--------------------------------------------------------------------------------
--------------------------------------------------------------------------------
 VMVariant synchronization - END (2016-08-09 12:16:33) 
--------------------------------------------------------------------------------
--------------------------------------------------------------------------------
 Project integration - END (2016-08-09 12:16:33) 
--------------------------------------------------------------------------------
