--------------------------------------------------------------------------------
 Project integration - START (2016-07-13 20:41:29) 
--------------------------------------------------------------------------------
FE snapshot name: DxD
BE snapshot name: Piezzo_layout_temp
Top level block: (2-1-5)
Parameters: BAConnectivity,BAConstraints,FEWin,
--------------------------------------------------------------------------------
--------------------------------------------------------------------------------
 Connection synchronization - START (2016-07-13 20:41:29) 
--------------------------------------------------------------------------------
[Ok][Modification] - [BE->FE] [O: Block,Schematic1,(2-1-5)]
[Ok][Modification] - [BE->FE] [P: Block,Schematic1,(2-1-5)] [O: FlatComp,ATTINY.1,(2-3-8)]
	Property: Cell Name, Operation: Change
[Ok][Modification] - [BE->FE] [P: Block,Schematic1,(2-1-5)] [O: FlatComp,res.2,(2-15-8)]
	Property: Cell Name, Operation: Change
[Ok][Modification] - [BE->FE] [P: Block,Schematic1,(2-1-5)] [O: FlatComp,res.2,(2-16-8)]
	Property: Cell Name, Operation: Change
[Ok][Modification] - [BE->FE] [P: Block,Schematic1,(2-1-5)] [O: FlatComp,res.2,(2-17-8)]
	Property: Cell Name, Operation: Change
[Ok][Modification] - [BE->FE] [P: Block,Schematic1,(2-1-5)] [O: FlatComp,Cap.1,(2-19-8)]
	Property: Cell Name, Operation: Change
[Ok][Modification] - [BE->FE] [P: Block,Schematic1,(2-1-5)] [O: FlatComp,trans1.1,(2-29-8)]
	Property: Cell Name, Operation: Change
[Ok][Modification] - [BE->FE] [P: Block,Schematic1,(2-1-5)] [O: FlatComp,trans1.1,(2-30-8)]
	Property: Cell Name, Operation: Change
[Ok][Modification] - [BE->FE] [P: Block,Schematic1,(2-1-5)] [O: FlatComp,trans3c.1,(12-30-8)]
	Property: Cell Name, Operation: Change
[Ok][Modification] - [BE->FE] [P: Block,Schematic1,(2-1-5)] [O: FlatComp,trans1.1,(2-31-8)]
	Property: Cell Name, Operation: Change
[Ok][Modification] - [BE->FE] [P: Block,Schematic1,(2-1-5)] [O: FlatComp,res.2,(12-32-8)]
	Property: Cell Name, Operation: Change
[Ok][Modification] - [BE->FE] [P: Block,Schematic1,(2-1-5)] [O: FlatComp,06pol.1,(2-33-8)]
	Property: Cell Name, Operation: Change
[Ok][Modification] - [BE->FE] [P: Block,Schematic1,(2-1-5)] [O: FlatComp,res.1,(12-33-8)]
	Property: Cell Name, Operation: Change
[Ok][Modification] - [BE->FE] [P: Block,Schematic1,(2-1-5)] [O: FlatComp,Cap.1,(12-34-8)]
	Property: Cell Name, Operation: Change
[Ok][Modification] - [BE->FE] [P: Block,Schematic1,(2-1-5)] [O: FlatComp,v-reg.1,(21-36-8)]
	Property: Cell Name, Operation: Change
[Ok][Modification] - [BE->FE] [P: Block,Schematic1,(2-1-5)] [O: FlatComp,04pol.1,(12-37-8)]
	Property: Cell Name, Operation: Change
[Ok][Modification] - [BE->FE] [P: Block,Schematic1,(2-1-5)] [O: FlatComp,Cap.1,(21-37-8)]
	Property: Cell Name, Operation: Change
[Ok][Modification] - [BE->FE] [P: Block,Schematic1,(2-1-5)] [O: FlatComp,res.1,(12-38-8)]
	Property: Cell Name, Operation: Change
[Ok][Modification] - [BE->FE] [P: Block,Schematic1,(2-1-5)] [O: FlatComp,Cap.1,(21-38-8)]
	Property: Cell Name, Operation: Change
[Ok][Modification] - [BE->FE] [P: Block,Schematic1,(2-1-5)] [O: FlatComp,res.1,(12-39-8)]
	Property: Cell Name, Operation: Change
[Ok][Modification] - [BE->FE] [P: Block,Schematic1,(2-1-5)] [O: FlatComp,res.1,(12-40-8)]
	Property: Cell Name, Operation: Change
[Ok][Modification] - [BE->FE] [P: Block,Schematic1,(2-1-5)] [O: FlatComp,06pol.1,(21-45-8)]
	Property: Cell Name, Operation: Change
--------------------------------------------------------------------------------
 Connection synchronization - END (2016-07-13 20:41:29) 
--------------------------------------------------------------------------------
--------------------------------------------------------------------------------
 CES synchronization - START (2016-07-13 20:41:29) 
--------------------------------------------------------------------------------
[Ok][Addition] - [BE->FE] [P: CesDesign,CesDesign,(2-1-21)] [O: CesVia,VIA_07_03_EOS,(57-2-62)]
[Ok][Modification] - [BE->FE] [P: CesDesign,CesDesign,(2-1-21)] [O: CesViaSpan,Through,(3-1-27)]

--------------------------------------------------------------------------------
 TOPOLOGY synchronization - START (2016-07-13 20:41:29) 
--------------------------------------------------------------------------------
--------------------------------------------------------------------------------
 TOPOLOGY synchronization - END (2016-07-13 20:41:29) 
--------------------------------------------------------------------------------
[Ok][Modification] - [BE->FE] [P: CesViaSpan,Through,(3-1-27)] [O: CesConstraint,DEFAULT_VIA,(3-149-22)]
[Ok][Addition] - [BE->FE] [P: CesSchemeNetClassRule,(Default),(2-1-38)] [O: CesConstraint,MIN_TRACE_WIDTH,(67-1-22)]
[Ok][Addition] - [BE->FE] [P: CesLayerRule,CesLayerRule,(3-1-40)] [O: CesConstraint,MIN_TRACE_WIDTH,(67-2-22)]
[Ok][Addition] - [BE->FE] [P: CesLayerRule,CesLayerRule,(3-3-40)] [O: CesConstraint,MIN_TRACE_WIDTH,(67-3-22)]
[Ok][Addition] - [BE->FE] [P: CesLayerRule,CesLayerRule,(3-5-40)] [O: CesConstraint,MIN_TRACE_WIDTH,(67-4-22)]
[Ok][Addition] - [BE->FE] [P: CesLayerRule,CesLayerRule,(3-7-40)] [O: CesConstraint,MIN_TRACE_WIDTH,(67-5-22)]
[Ok][Addition] - [BE->FE] [P: CesSchemeNetClassRule,(Default),(2-1-38)] [O: CesConstraint,TYP_TRACE_WIDTH,(67-6-22)]
[Ok][Addition] - [BE->FE] [P: CesLayerRule,CesLayerRule,(3-1-40)] [O: CesConstraint,TYP_TRACE_WIDTH,(67-7-22)]
[Ok][Addition] - [BE->FE] [P: CesLayerRule,CesLayerRule,(3-3-40)] [O: CesConstraint,TYP_TRACE_WIDTH,(67-8-22)]
[Ok][Addition] - [BE->FE] [P: CesLayerRule,CesLayerRule,(3-5-40)] [O: CesConstraint,TYP_TRACE_WIDTH,(67-9-22)]
[Ok][Addition] - [BE->FE] [P: CesLayerRule,CesLayerRule,(3-7-40)] [O: CesConstraint,TYP_TRACE_WIDTH,(67-10-22)]
[Ok][Addition] - [BE->FE] [P: CesSchemeNetClassRule,(Default),(2-1-38)] [O: CesConstraint,EXP_TRACE_WIDTH,(67-11-22)]
[Ok][Addition] - [BE->FE] [P: CesLayerRule,CesLayerRule,(3-1-40)] [O: CesConstraint,EXP_TRACE_WIDTH,(67-12-22)]
[Ok][Addition] - [BE->FE] [P: CesLayerRule,CesLayerRule,(3-3-40)] [O: CesConstraint,EXP_TRACE_WIDTH,(67-13-22)]
[Ok][Addition] - [BE->FE] [P: CesLayerRule,CesLayerRule,(3-5-40)] [O: CesConstraint,EXP_TRACE_WIDTH,(67-14-22)]
[Ok][Addition] - [BE->FE] [P: CesLayerRule,CesLayerRule,(3-7-40)] [O: CesConstraint,EXP_TRACE_WIDTH,(67-15-22)]
[Ok][Addition] - [BE->FE] [P: CesSchemeClearRule,(Default Rule),(2-1-41)] [O: CesConstraint,TRACE_TO_TRACE,(68-1-22)]
[Ok][Addition] - [BE->FE] [P: CesLayerClearRule,CesLayerClearRule,(3-1-42)] [O: CesConstraint,TRACE_TO_TRACE,(68-2-22)]
[Ok][Addition] - [BE->FE] [P: CesLayerClearRule,CesLayerClearRule,(3-3-42)] [O: CesConstraint,TRACE_TO_TRACE,(68-3-22)]
[Ok][Addition] - [BE->FE] [P: CesLayerClearRule,CesLayerClearRule,(3-5-42)] [O: CesConstraint,TRACE_TO_TRACE,(68-4-22)]
[Ok][Addition] - [BE->FE] [P: CesLayerClearRule,CesLayerClearRule,(3-7-42)] [O: CesConstraint,TRACE_TO_TRACE,(68-5-22)]
[Ok][Addition] - [BE->FE] [P: CesSchemeClearRule,(Default Rule),(2-1-41)] [O: CesConstraint,TRACE_TO_PAD,(68-6-22)]
[Ok][Addition] - [BE->FE] [P: CesLayerClearRule,CesLayerClearRule,(3-1-42)] [O: CesConstraint,TRACE_TO_PAD,(68-7-22)]
[Ok][Addition] - [BE->FE] [P: CesLayerClearRule,CesLayerClearRule,(3-3-42)] [O: CesConstraint,TRACE_TO_PAD,(68-8-22)]
[Ok][Addition] - [BE->FE] [P: CesLayerClearRule,CesLayerClearRule,(3-5-42)] [O: CesConstraint,TRACE_TO_PAD,(68-9-22)]
[Ok][Addition] - [BE->FE] [P: CesLayerClearRule,CesLayerClearRule,(3-7-42)] [O: CesConstraint,TRACE_TO_PAD,(68-10-22)]
[Ok][Addition] - [BE->FE] [P: CesSchemeClearRule,(Default Rule),(2-1-41)] [O: CesConstraint,TRACE_TO_VIA,(68-11-22)]
[Ok][Addition] - [BE->FE] [P: CesLayerClearRule,CesLayerClearRule,(3-1-42)] [O: CesConstraint,TRACE_TO_VIA,(68-12-22)]
[Ok][Addition] - [BE->FE] [P: CesLayerClearRule,CesLayerClearRule,(3-3-42)] [O: CesConstraint,TRACE_TO_VIA,(68-13-22)]
[Ok][Addition] - [BE->FE] [P: CesLayerClearRule,CesLayerClearRule,(3-5-42)] [O: CesConstraint,TRACE_TO_VIA,(68-14-22)]
[Ok][Addition] - [BE->FE] [P: CesLayerClearRule,CesLayerClearRule,(3-7-42)] [O: CesConstraint,TRACE_TO_VIA,(68-15-22)]
[Ok][Addition] - [BE->FE] [P: CesSchemeClearRule,(Default Rule),(2-1-41)] [O: CesConstraint,TRACE_TO_PLANE,(68-16-22)]
[Ok][Addition] - [BE->FE] [P: CesLayerClearRule,CesLayerClearRule,(3-1-42)] [O: CesConstraint,TRACE_TO_PLANE,(68-17-22)]
[Ok][Addition] - [BE->FE] [P: CesLayerClearRule,CesLayerClearRule,(3-3-42)] [O: CesConstraint,TRACE_TO_PLANE,(68-18-22)]
[Ok][Addition] - [BE->FE] [P: CesLayerClearRule,CesLayerClearRule,(3-5-42)] [O: CesConstraint,TRACE_TO_PLANE,(68-19-22)]
[Ok][Addition] - [BE->FE] [P: CesLayerClearRule,CesLayerClearRule,(3-7-42)] [O: CesConstraint,TRACE_TO_PLANE,(68-20-22)]
[Ok][Addition] - [BE->FE] [P: CesSchemeClearRule,(Default Rule),(2-1-41)] [O: CesConstraint,SMDPAD_TO_TRACE,(68-21-22)]
[Ok][Addition] - [BE->FE] [P: CesLayerClearRule,CesLayerClearRule,(3-1-42)] [O: CesConstraint,SMDPAD_TO_TRACE,(68-22-22)]
[Ok][Addition] - [BE->FE] [P: CesLayerClearRule,CesLayerClearRule,(3-3-42)] [O: CesConstraint,SMDPAD_TO_TRACE,(68-23-22)]
[Ok][Addition] - [BE->FE] [P: CesLayerClearRule,CesLayerClearRule,(3-5-42)] [O: CesConstraint,SMDPAD_TO_TRACE,(68-24-22)]
[Ok][Addition] - [BE->FE] [P: CesLayerClearRule,CesLayerClearRule,(3-7-42)] [O: CesConstraint,SMDPAD_TO_TRACE,(68-25-22)]
[Ok][Addition] - [BE->FE] [P: CesSchemeClearRule,(Default Rule),(2-1-41)] [O: CesConstraint,PAD_TO_PAD,(68-26-22)]
[Ok][Addition] - [BE->FE] [P: CesLayerClearRule,CesLayerClearRule,(3-1-42)] [O: CesConstraint,PAD_TO_PAD,(68-27-22)]
[Ok][Addition] - [BE->FE] [P: CesLayerClearRule,CesLayerClearRule,(3-3-42)] [O: CesConstraint,PAD_TO_PAD,(68-28-22)]
[Ok][Addition] - [BE->FE] [P: CesLayerClearRule,CesLayerClearRule,(3-5-42)] [O: CesConstraint,PAD_TO_PAD,(68-29-22)]
[Ok][Addition] - [BE->FE] [P: CesLayerClearRule,CesLayerClearRule,(3-7-42)] [O: CesConstraint,PAD_TO_PAD,(68-30-22)]
[Ok][Addition] - [BE->FE] [P: CesSchemeClearRule,(Default Rule),(2-1-41)] [O: CesConstraint,PAD_TO_VIA,(68-31-22)]
[Ok][Addition] - [BE->FE] [P: CesLayerClearRule,CesLayerClearRule,(3-1-42)] [O: CesConstraint,PAD_TO_VIA,(68-32-22)]
[Ok][Addition] - [BE->FE] [P: CesLayerClearRule,CesLayerClearRule,(3-3-42)] [O: CesConstraint,PAD_TO_VIA,(68-33-22)]
[Ok][Addition] - [BE->FE] [P: CesLayerClearRule,CesLayerClearRule,(3-5-42)] [O: CesConstraint,PAD_TO_VIA,(68-34-22)]
[Ok][Addition] - [BE->FE] [P: CesLayerClearRule,CesLayerClearRule,(3-7-42)] [O: CesConstraint,PAD_TO_VIA,(68-35-22)]
[Ok][Addition] - [BE->FE] [P: CesSchemeClearRule,(Default Rule),(2-1-41)] [O: CesConstraint,PAD_TO_PLANE,(68-36-22)]
[Ok][Addition] - [BE->FE] [P: CesLayerClearRule,CesLayerClearRule,(3-1-42)] [O: CesConstraint,PAD_TO_PLANE,(68-37-22)]
[Ok][Addition] - [BE->FE] [P: CesLayerClearRule,CesLayerClearRule,(3-3-42)] [O: CesConstraint,PAD_TO_PLANE,(68-38-22)]
[Ok][Addition] - [BE->FE] [P: CesLayerClearRule,CesLayerClearRule,(3-5-42)] [O: CesConstraint,PAD_TO_PLANE,(68-39-22)]
[Ok][Addition] - [BE->FE] [P: CesLayerClearRule,CesLayerClearRule,(3-7-42)] [O: CesConstraint,PAD_TO_PLANE,(68-40-22)]
[Ok][Addition] - [BE->FE] [P: CesSchemeClearRule,(Default Rule),(2-1-41)] [O: CesConstraint,VIA_TO_VIA,(68-41-22)]
[Ok][Addition] - [BE->FE] [P: CesLayerClearRule,CesLayerClearRule,(3-1-42)] [O: CesConstraint,VIA_TO_VIA,(68-42-22)]
[Ok][Addition] - [BE->FE] [P: CesLayerClearRule,CesLayerClearRule,(3-3-42)] [O: CesConstraint,VIA_TO_VIA,(68-43-22)]
[Ok][Addition] - [BE->FE] [P: CesLayerClearRule,CesLayerClearRule,(3-5-42)] [O: CesConstraint,VIA_TO_VIA,(68-44-22)]
[Ok][Addition] - [BE->FE] [P: CesLayerClearRule,CesLayerClearRule,(3-7-42)] [O: CesConstraint,VIA_TO_VIA,(68-45-22)]
[Ok][Addition] - [BE->FE] [P: CesSchemeClearRule,(Default Rule),(2-1-41)] [O: CesConstraint,VIA_TO_PLANE,(68-46-22)]
[Ok][Addition] - [BE->FE] [P: CesLayerClearRule,CesLayerClearRule,(3-1-42)] [O: CesConstraint,VIA_TO_PLANE,(68-47-22)]
[Ok][Addition] - [BE->FE] [P: CesLayerClearRule,CesLayerClearRule,(3-3-42)] [O: CesConstraint,VIA_TO_PLANE,(68-48-22)]
[Ok][Addition] - [BE->FE] [P: CesLayerClearRule,CesLayerClearRule,(3-5-42)] [O: CesConstraint,VIA_TO_PLANE,(68-49-22)]
[Ok][Addition] - [BE->FE] [P: CesLayerClearRule,CesLayerClearRule,(3-7-42)] [O: CesConstraint,VIA_TO_PLANE,(68-50-22)]
[Ok][Addition] - [BE->FE] [P: CesSchemeClearRule,(Default Rule),(2-1-41)] [O: CesConstraint,SMDPAD_TO_VIA,(68-51-22)]
[Ok][Addition] - [BE->FE] [P: CesLayerClearRule,CesLayerClearRule,(3-1-42)] [O: CesConstraint,SMDPAD_TO_VIA,(68-52-22)]
[Ok][Addition] - [BE->FE] [P: CesLayerClearRule,CesLayerClearRule,(3-3-42)] [O: CesConstraint,SMDPAD_TO_VIA,(68-53-22)]
[Ok][Addition] - [BE->FE] [P: CesLayerClearRule,CesLayerClearRule,(3-5-42)] [O: CesConstraint,SMDPAD_TO_VIA,(68-54-22)]
[Ok][Addition] - [BE->FE] [P: CesLayerClearRule,CesLayerClearRule,(3-7-42)] [O: CesConstraint,SMDPAD_TO_VIA,(68-55-22)]
[Ok][Addition] - [BE->FE] [P: CesSchemeClearRule,(Default Rule),(2-1-41)] [O: CesConstraint,PLANE_TO_PLANE,(68-56-22)]
[Ok][Addition] - [BE->FE] [P: CesLayerClearRule,CesLayerClearRule,(3-1-42)] [O: CesConstraint,PLANE_TO_PLANE,(68-57-22)]
[Ok][Addition] - [BE->FE] [P: CesLayerClearRule,CesLayerClearRule,(3-3-42)] [O: CesConstraint,PLANE_TO_PLANE,(68-58-22)]
[Ok][Addition] - [BE->FE] [P: CesLayerClearRule,CesLayerClearRule,(3-5-42)] [O: CesConstraint,PLANE_TO_PLANE,(68-59-22)]
[Ok][Addition] - [BE->FE] [P: CesLayerClearRule,CesLayerClearRule,(3-7-42)] [O: CesConstraint,PLANE_TO_PLANE,(68-60-22)]
[Ok][Addition] - [BE->FE] [P: CesSchemeClearRule,(Default Rule),(2-1-41)] [O: CesConstraint,RESISTOR_TO_TRACE,(68-61-22)]
[Ok][Addition] - [BE->FE] [P: CesLayerClearRule,CesLayerClearRule,(3-1-42)] [O: CesConstraint,RESISTOR_TO_TRACE,(68-62-22)]
[Ok][Addition] - [BE->FE] [P: CesLayerClearRule,CesLayerClearRule,(3-3-42)] [O: CesConstraint,RESISTOR_TO_TRACE,(68-63-22)]
[Ok][Addition] - [BE->FE] [P: CesLayerClearRule,CesLayerClearRule,(3-5-42)] [O: CesConstraint,RESISTOR_TO_TRACE,(68-64-22)]
[Ok][Addition] - [BE->FE] [P: CesLayerClearRule,CesLayerClearRule,(3-7-42)] [O: CesConstraint,RESISTOR_TO_TRACE,(68-65-22)]
[Ok][Addition] - [BE->FE] [P: CesSchemeClearRule,(Default Rule),(2-1-41)] [O: CesConstraint,RESISTOR_TO_PAD,(68-66-22)]
[Ok][Addition] - [BE->FE] [P: CesLayerClearRule,CesLayerClearRule,(3-1-42)] [O: CesConstraint,RESISTOR_TO_PAD,(68-67-22)]
[Ok][Addition] - [BE->FE] [P: CesLayerClearRule,CesLayerClearRule,(3-3-42)] [O: CesConstraint,RESISTOR_TO_PAD,(68-68-22)]
[Ok][Addition] - [BE->FE] [P: CesLayerClearRule,CesLayerClearRule,(3-5-42)] [O: CesConstraint,RESISTOR_TO_PAD,(68-69-22)]
[Ok][Addition] - [BE->FE] [P: CesLayerClearRule,CesLayerClearRule,(3-7-42)] [O: CesConstraint,RESISTOR_TO_PAD,(68-70-22)]
[Ok][Addition] - [BE->FE] [P: CesSchemeClearRule,(Default Rule),(2-1-41)] [O: CesConstraint,RESISTOR_TO_VIA,(68-71-22)]
[Ok][Addition] - [BE->FE] [P: CesLayerClearRule,CesLayerClearRule,(3-1-42)] [O: CesConstraint,RESISTOR_TO_VIA,(68-72-22)]
[Ok][Addition] - [BE->FE] [P: CesLayerClearRule,CesLayerClearRule,(3-3-42)] [O: CesConstraint,RESISTOR_TO_VIA,(68-73-22)]
[Ok][Addition] - [BE->FE] [P: CesLayerClearRule,CesLayerClearRule,(3-5-42)] [O: CesConstraint,RESISTOR_TO_VIA,(68-74-22)]
[Ok][Addition] - [BE->FE] [P: CesLayerClearRule,CesLayerClearRule,(3-7-42)] [O: CesConstraint,RESISTOR_TO_VIA,(68-75-22)]
[Ok][Addition] - [BE->FE] [P: CesSchemeClearRule,(Default Rule),(2-1-41)] [O: CesConstraint,RESISTOR_TO_RESISTOR,(68-76-22)]
[Ok][Addition] - [BE->FE] [P: CesLayerClearRule,CesLayerClearRule,(3-1-42)] [O: CesConstraint,RESISTOR_TO_RESISTOR,(68-77-22)]
[Ok][Addition] - [BE->FE] [P: CesLayerClearRule,CesLayerClearRule,(3-3-42)] [O: CesConstraint,RESISTOR_TO_RESISTOR,(68-78-22)]
[Ok][Addition] - [BE->FE] [P: CesLayerClearRule,CesLayerClearRule,(3-5-42)] [O: CesConstraint,RESISTOR_TO_RESISTOR,(68-79-22)]
[Ok][Addition] - [BE->FE] [P: CesLayerClearRule,CesLayerClearRule,(3-7-42)] [O: CesConstraint,RESISTOR_TO_RESISTOR,(68-80-22)]
[Ok][Addition] - [BE->FE] [P: CesSchemeClearRule,(Default Rule),(2-1-41)] [O: CesConstraint,MASK_TO_TRACE,(68-81-22)]
[Ok][Addition] - [BE->FE] [P: CesLayerClearRule,CesLayerClearRule,(3-1-42)] [O: CesConstraint,MASK_TO_TRACE,(68-82-22)]
[Ok][Addition] - [BE->FE] [P: CesLayerClearRule,CesLayerClearRule,(3-3-42)] [O: CesConstraint,MASK_TO_TRACE,(68-83-22)]
[Ok][Addition] - [BE->FE] [P: CesLayerClearRule,CesLayerClearRule,(3-5-42)] [O: CesConstraint,MASK_TO_TRACE,(68-84-22)]
[Ok][Addition] - [BE->FE] [P: CesLayerClearRule,CesLayerClearRule,(3-7-42)] [O: CesConstraint,MASK_TO_TRACE,(68-85-22)]
[Ok][Addition] - [BE->FE] [P: CesSchemeClearRule,(Default Rule),(2-1-41)] [O: CesConstraint,MASK_TO_PAD,(68-86-22)]
[Ok][Addition] - [BE->FE] [P: CesLayerClearRule,CesLayerClearRule,(3-1-42)] [O: CesConstraint,MASK_TO_PAD,(68-87-22)]
[Ok][Addition] - [BE->FE] [P: CesLayerClearRule,CesLayerClearRule,(3-3-42)] [O: CesConstraint,MASK_TO_PAD,(68-88-22)]
[Ok][Addition] - [BE->FE] [P: CesLayerClearRule,CesLayerClearRule,(3-5-42)] [O: CesConstraint,MASK_TO_PAD,(68-89-22)]
[Ok][Addition] - [BE->FE] [P: CesLayerClearRule,CesLayerClearRule,(3-7-42)] [O: CesConstraint,MASK_TO_PAD,(68-90-22)]
[Ok][Addition] - [BE->FE] [P: CesSchemeClearRule,(Default Rule),(2-1-41)] [O: CesConstraint,MASK_TO_VIA,(68-91-22)]
[Ok][Addition] - [BE->FE] [P: CesLayerClearRule,CesLayerClearRule,(3-1-42)] [O: CesConstraint,MASK_TO_VIA,(68-92-22)]
[Ok][Addition] - [BE->FE] [P: CesLayerClearRule,CesLayerClearRule,(3-3-42)] [O: CesConstraint,MASK_TO_VIA,(68-93-22)]
[Ok][Addition] - [BE->FE] [P: CesLayerClearRule,CesLayerClearRule,(3-5-42)] [O: CesConstraint,MASK_TO_VIA,(68-94-22)]
[Ok][Addition] - [BE->FE] [P: CesLayerClearRule,CesLayerClearRule,(3-7-42)] [O: CesConstraint,MASK_TO_VIA,(68-95-22)]
[Ok][Addition] - [BE->FE] [P: CesSchemeClearRule,(Default Rule),(2-1-41)] [O: CesConstraint,MASK_TO_RESISTOR,(68-96-22)]
[Ok][Addition] - [BE->FE] [P: CesLayerClearRule,CesLayerClearRule,(3-1-42)] [O: CesConstraint,MASK_TO_RESISTOR,(68-97-22)]
[Ok][Addition] - [BE->FE] [P: CesLayerClearRule,CesLayerClearRule,(3-3-42)] [O: CesConstraint,MASK_TO_RESISTOR,(68-98-22)]
[Ok][Addition] - [BE->FE] [P: CesLayerClearRule,CesLayerClearRule,(3-5-42)] [O: CesConstraint,MASK_TO_RESISTOR,(68-99-22)]
[Ok][Addition] - [BE->FE] [P: CesLayerClearRule,CesLayerClearRule,(3-7-42)] [O: CesConstraint,MASK_TO_RESISTOR,(68-100-22)]
--------------------------------------------------------------------------------
 CES synchronization - END (2016-07-13 20:41:29) 
--------------------------------------------------------------------------------
--------------------------------------------------------------------------------
 VMVariant synchronization - START (2016-07-13 20:41:29) 
--------------------------------------------------------------------------------
--------------------------------------------------------------------------------
 VMVariant synchronization - END (2016-07-13 20:41:29) 
--------------------------------------------------------------------------------
--------------------------------------------------------------------------------
 Project integration - END (2016-07-13 20:41:29) 
--------------------------------------------------------------------------------
