   1               		.file	"piezo_heating_hw20_sw10.c"
   2               	__SP_H__ = 0x3e
   3               	__SP_L__ = 0x3d
   4               	__SREG__ = 0x3f
   5               	__tmp_reg__ = 0
   6               	__zero_reg__ = 1
   7               		.text
   8               	.global	__vector_6
  10               	__vector_6:
  11 0000 1F92      		push r1
  12 0002 0F92      		push r0
  13 0004 0FB6      		in r0,__SREG__
  14 0006 0F92      		push r0
  15 0008 1124      		clr __zero_reg__
  16 000a 8F93      		push r24
  17               	/* prologue: Signal */
  18               	/* frame size = 0 */
  19               	/* stack size = 4 */
  20               	.L__stack_usage = 4
  21 000c 8091 0000 		lds r24,txcount
  22 0010 8823      		tst r24
  23 0012 01F0      		breq .L2
  24 0014 8091 0000 		lds r24,txcount
  25 0018 8A30      		cpi r24,lo8(10)
  26 001a 00F4      		brsh .L4
  27 001c 8230      		cpi r24,lo8(2)
  28 001e 00F0      		brlo .L3
  29 0020 00C0      		rjmp .L5
  30               	.L4:
  31 0022 8A30      		cpi r24,lo8(10)
  32 0024 01F4      		brne .L3
  33 0026 DD98      		cbi 0x1b,5
  34 0028 00C0      		rjmp .L8
  35               	.L5:
  36 002a 8091 0000 		lds r24,txdata
  37 002e 80FF      		sbrs r24,0
  38 0030 00C0      		rjmp .L9
  39 0032 DD9A      		sbi 0x1b,5
  40 0034 00C0      		rjmp .L10
  41               	.L9:
  42 0036 DD98      		cbi 0x1b,5
  43               	.L10:
  44 0038 8091 0000 		lds r24,txdata
  45 003c 8695      		lsr r24
  46 003e 8093 0000 		sts txdata,r24
  47 0042 00C0      		rjmp .L8
  48               	.L3:
  49 0044 DD9A      		sbi 0x1b,5
  50               	.L8:
  51 0046 8091 0000 		lds r24,txcount
  52 004a 8150      		subi r24,lo8(-(-1))
  53 004c 8093 0000 		sts txcount,r24
  54 0050 00C0      		rjmp .L1
  55               	.L2:
  56 0052 8EB5      		in r24,0x2e
  57 0054 8D7F      		andi r24,lo8(-3)
  58 0056 8EBD      		out 0x2e,r24
  59 0058 DD9A      		sbi 0x1b,5
  60               	.L1:
  61               	/* epilogue start */
  62 005a 8F91      		pop r24
  63 005c 0F90      		pop r0
  64 005e 0FBE      		out __SREG__,r0
  65 0060 0F90      		pop r0
  66 0062 1F90      		pop r1
  67 0064 1895      		reti
  69               	.global	sendChar
  71               	sendChar:
  72               	/* prologue: function */
  73               	/* frame size = 0 */
  74               	/* stack size = 0 */
  75               	.L__stack_usage = 0
  76               	.L14:
  77 0066 9091 0000 		lds r25,txcount
  78 006a 9111      		cpse r25,__zero_reg__
  79 006c 00C0      		rjmp .L14
  80 006e 8093 0000 		sts txdata,r24
  81 0072 8AE0      		ldi r24,lo8(10)
  82 0074 8093 0000 		sts txcount,r24
  83 0078 8EB5      		in r24,0x2e
  84 007a 8260      		ori r24,lo8(2)
  85 007c 8EBD      		out 0x2e,r24
  86 007e 0895      		ret
  88               	.global	sendString
  90               	sendString:
  91 0080 CF93      		push r28
  92 0082 DF93      		push r29
  93               	/* prologue: function */
  94               	/* frame size = 0 */
  95               	/* stack size = 2 */
  96               	.L__stack_usage = 2
  97 0084 EC01      		movw r28,r24
  98               	.L17:
  99 0086 8991      		ld r24,Y+
 100 0088 8823      		tst r24
 101 008a 01F0      		breq .L19
 102 008c 00D0      		rcall sendChar
 103 008e 00C0      		rjmp .L17
 104               	.L19:
 105 0090 8AE0      		ldi r24,lo8(10)
 106 0092 00D0      		rcall sendChar
 107 0094 8DE0      		ldi r24,lo8(13)
 108               	/* epilogue start */
 109 0096 DF91      		pop r29
 110 0098 CF91      		pop r28
 111 009a 00C0      		rjmp sendChar
 113               	.global	initSerial
 115               	initSerial:
 116               	/* prologue: function */
 117               	/* frame size = 0 */
 118               	/* stack size = 0 */
 119               	.L__stack_usage = 0
 120 009c 8EB5      		in r24,0x2e
 121 009e 8860      		ori r24,lo8(8)
 122 00a0 8EBD      		out 0x2e,r24
 123 00a2 87E6      		ldi r24,lo8(103)
 124 00a4 90E0      		ldi r25,0
 125 00a6 9BBD      		out 0x2a+1,r25
 126 00a8 8ABD      		out 0x2a,r24
 127 00aa 619A      		sbi 0xc,1
 128 00ac DD98      		cbi 0x1b,5
 129 00ae 0895      		ret
 131               	.global	pwm_init
 133               	pwm_init:
 134               	/* prologue: function */
 135               	/* frame size = 0 */
 136               	/* stack size = 0 */
 137               	.L__stack_usage = 0
 138 00b0 13BE      		out 0x33,__zero_reg__
 139 00b2 1CBE      		out 0x3c,__zero_reg__
 140 00b4 83E3      		ldi r24,lo8(51)
 141 00b6 80BF      		out 0x30,r24
 142 00b8 0895      		ret
 144               	.global	pwm_set
 146               	pwm_set:
 147               	/* prologue: function */
 148               	/* frame size = 0 */
 149               	/* stack size = 0 */
 150               	.L__stack_usage = 0
 151 00ba 8CBF      		out 0x3c,r24
 152 00bc 84E0      		ldi r24,lo8(4)
 153 00be 83BF      		out 0x33,r24
 154 00c0 0895      		ret
 156               		.section	.text.startup,"ax",@progbits
 157               	.global	main
 159               	main:
 160               	/* prologue: function */
 161               	/* frame size = 0 */
 162               	/* stack size = 0 */
 163               	.L__stack_usage = 0
 164 0000 80E8      		ldi r24,lo8(-128)
 165 0002 90E0      		ldi r25,0
 166               	/* #APP */
 167               	 ;  1745 "/usr/lib/avr/include/avr/power.h" 1
 168 0004 0FB6      		in __tmp_reg__,__SREG__
 169 0006 F894      		cli
 170 0008 86BD      		out 38, r24
 171 000a 96BD      		out 38, r25
 172 000c 0FBE      		out __SREG__, __tmp_reg__
 173               	 ;  0 "" 2
 174               	/* #NOAPP */
 175 000e 8BBB      		out 0x1b,r24
 176 0010 8FEF      		ldi r24,lo8(-1)
 177 0012 8ABB      		out 0x1a,r24
 178 0014 17BA      		out 0x17,__zero_reg__
 179 0016 85E0      		ldi r24,lo8(5)
 180 0018 88BB      		out 0x18,r24
 181 001a 00D0      		rcall pwm_init
 182 001c 00D0      		rcall initSerial
 183 001e 80E0      		ldi r24,0
 184 0020 90E0      		ldi r25,0
 185 0022 00D0      		rcall eeprom_read_byte
 186 0024 8093 0000 		sts dimmlevel,r24
 187 0028 8091 0000 		lds r24,dimmlevel
 188 002c 8CBF      		out 0x3c,r24
 189 002e 84E0      		ldi r24,lo8(4)
 190 0030 83BF      		out 0x33,r24
 191 0032 8091 0000 		lds r24,dimmlevel
 192 0036 8038      		cpi r24,lo8(-128)
 193 0038 01F0      		breq .L25
 194 003a 8E3F      		cpi r24,lo8(-2)
 195 003c 01F0      		breq .L32
 196 003e 8034      		cpi r24,lo8(64)
 197 0040 01F4      		brne .L32
 198 0042 60E8      		ldi r22,lo8(-128)
 199 0044 00C0      		rjmp .L33
 200               	.L25:
 201 0046 6EEF      		ldi r22,lo8(-2)
 202 0048 00C0      		rjmp .L33
 203               	.L32:
 204 004a 60E4      		ldi r22,lo8(64)
 205               	.L33:
 206 004c 80E0      		ldi r24,0
 207 004e 90E0      		ldi r25,0
 208 0050 00D0      		rcall eeprom_update_byte
 209               	/* #APP */
 210               	 ;  178 "piezo_heating_hw20_sw10.c" 1
 211 0052 7894      		sei
 212               	 ;  0 "" 2
 213               	/* #NOAPP */
 214 0054 C0E0      		ldi r28,0
 215 0056 81E0      		ldi r24,lo8(1)
 216 0058 D4E0      		ldi r29,lo8(4)
 217               	.L29:
 218 005a 9091 0000 		lds r25,dimmlevel
 219 005e 9CBF      		out 0x3c,r25
 220 0060 D3BF      		out 0x33,r29
 221 0062 2FEF      		ldi r18,lo8(799999)
 222 0064 34E3      		ldi r19,hi8(799999)
 223 0066 9CE0      		ldi r25,hlo8(799999)
 224 0068 2150      	1:	subi r18,1
 225 006a 3040      		sbci r19,0
 226 006c 9040      		sbci r25,0
 227 006e 01F4      		brne 1b
 228 0070 00C0      		rjmp .
 229 0072 0000      		nop
 230 0074 CF5F      		subi r28,lo8(-(1))
 231 0076 CB30      		cpi r28,lo8(11)
 232 0078 00F0      		brlo .L29
 233 007a 8130      		cpi r24,lo8(1)
 234 007c 01F0      		breq .L34
 235               	.L31:
 236 007e 80E0      		ldi r24,0
 237 0080 00C0      		rjmp .L29
 238               	.L34:
 239 0082 60E4      		ldi r22,lo8(64)
 240 0084 80E0      		ldi r24,0
 241 0086 90E0      		ldi r25,0
 242 0088 00D0      		rcall eeprom_update_byte
 243 008a 00C0      		rjmp .L31
 245               		.comm	txtbuff,20,1
 246               		.comm	txdata,1,1
 247               		.comm	txcount,1,1
 248               	.global	dimmlevel
 249               		.section .bss
 252               	dimmlevel:
 253 0000 00        		.zero	1
 254               		.ident	"GCC: (GNU) 5.4.0"
 255               	.global __do_clear_bss
DEFINED SYMBOLS
                            *ABS*:0000000000000000 piezo_heating_hw20_sw10.c
     /tmp/cccwVj6X.s:2      *ABS*:000000000000003e __SP_H__
     /tmp/cccwVj6X.s:3      *ABS*:000000000000003d __SP_L__
     /tmp/cccwVj6X.s:4      *ABS*:000000000000003f __SREG__
     /tmp/cccwVj6X.s:5      *ABS*:0000000000000000 __tmp_reg__
     /tmp/cccwVj6X.s:6      *ABS*:0000000000000001 __zero_reg__
     /tmp/cccwVj6X.s:10     .text:0000000000000000 __vector_6
                            *COM*:0000000000000001 txcount
                            *COM*:0000000000000001 txdata
     /tmp/cccwVj6X.s:71     .text:0000000000000066 sendChar
     /tmp/cccwVj6X.s:90     .text:0000000000000080 sendString
     /tmp/cccwVj6X.s:115    .text:000000000000009c initSerial
     /tmp/cccwVj6X.s:133    .text:00000000000000b0 pwm_init
     /tmp/cccwVj6X.s:146    .text:00000000000000ba pwm_set
     /tmp/cccwVj6X.s:159    .text.startup:0000000000000000 main
     /tmp/cccwVj6X.s:252    .bss:0000000000000000 dimmlevel
                            *COM*:0000000000000014 txtbuff

UNDEFINED SYMBOLS
eeprom_read_byte
eeprom_update_byte
__do_clear_bss
